<?xml version="1.0" encoding="UTF-8"?>
<testng-results ignored="0" total="1" passed="1" failed="0" skipped="0">
  <reporter-output>
  </reporter-output>
  <suite started-at="2022-10-19T19:39:19 IST" name="Default suite" finished-at="2022-10-19T19:39:22 IST" duration-ms="3281">
    <groups>
    </groups>
    <test started-at="2022-10-19T19:39:19 IST" name="Default test" finished-at="2022-10-19T19:39:22 IST" duration-ms="3281">
      <class name="com.mindtree.Runner.Runner">
        <test-method signature="beforeSuite()[pri:0, instance:com.mindtree.Runner.Runner@4b14c583]" started-at="2022-10-19T19:39:19 IST" name="beforeSuite" finished-at="2022-10-19T19:39:22 IST" duration-ms="3246" status="PASS">
          <reporter-output>
          </reporter-output>
        </test-method> <!-- beforeSuite -->
      </class> <!-- com.mindtree.Runner.Runner -->
    </test> <!-- Default test -->
  </suite> <!-- Default suite -->
</testng-results>
